# JRE version: OpenJDK Runtime Environment (8.0_202-b03) (build 1.8.0_202-release-1483-b03)
# Java VM: OpenJDK 64-Bit Server VM (25.202-b03 mixed mode windows-amd64 compressed oops)
Heap:
 PSYoungGen      total 119296K, used 89185K [0x00000000e0000000, 0x00000000eb000000, 0x0000000100000000)
  eden space 108544K, 82% used [0x00000000e0000000,0x00000000e5718728,0x00000000e6a00000)
  from space 10752K, 0% used [0x00000000e6a00000,0x00000000e6a00000,0x00000000e7480000)
  to   space 12288K, 0% used [0x00000000ea400000,0x00000000ea400000,0x00000000eb000000)
 ParOldGen       total 74752K, used 19283K [0x00000000a0000000, 0x00000000a4900000, 0x00000000e0000000)
  object space 74752K, 25% used [0x00000000a0000000,0x00000000a12d4ef8,0x00000000a4900000)
 Metaspace       used 42595K, capacity 43763K, committed 44032K, reserved 1087488K
  class space    used 5778K, capacity 6102K, committed 6144K, reserved 1048576K
GC Heap History (10 events):
Event: 8.325 GC heap before
{Heap before GC invocations=7 (full 1):
 PSYoungGen      total 72192K, used 6818K [0x00000000e0000000, 0x00000000e5100000, 0x0000000100000000)
  eden space 62464K, 0% used [0x00000000e0000000,0x00000000e0000000,0x00000000e3d00000)
  from space 9728K, 70% used [0x00000000e4780000,0x00000000e4e28968,0x00000000e5100000)
  to   space 10240K, 0% used [0x00000000e3d00000,0x00000000e3d00000,0x00000000e4700000)
 ParOldGen       total 83456K, used 8692K [0x00000000a0000000, 0x00000000a5180000, 0x00000000e0000000)
  object space 83456K, 10% used [0x00000000a0000000,0x00000000a087d170,0x00000000a5180000)
 Metaspace       used 20679K, capacity 21128K, committed 21296K, reserved 1067008K
  class space    used 2908K, capacity 3089K, committed 3200K, reserved 1048576K
Event: 8.381 GC heap after
Heap after GC invocations=7 (full 1):
 PSYoungGen      total 72192K, used 0K [0x00000000e0000000, 0x00000000e5100000, 0x0000000100000000)
  eden space 62464K, 0% used [0x00000000e0000000,0x00000000e0000000,0x00000000e3d00000)
  from space 9728K, 0% used [0x00000000e4780000,0x00000000e4780000,0x00000000e5100000)
  to   space 10240K, 0% used [0x00000000e3d00000,0x00000000e3d00000,0x00000000e4700000)
 ParOldGen       total 50688K, used 8231K [0x00000000a0000000, 0x00000000a3180000, 0x00000000e0000000)
  object space 50688K, 16% used [0x00000000a0000000,0x00000000a0809f30,0x00000000a3180000)
 Metaspace       used 20679K, capacity 21128K, committed 21296K, reserved 1067008K
  class space    used 2908K, capacity 3089K, committed 3200K, reserved 1048576K
}
Event: 9.987 GC heap before
{Heap before GC invocations=8 (full 1):
 PSYoungGen      total 72192K, used 62464K [0x00000000e0000000, 0x00000000e5100000, 0x0000000100000000)
  eden space 62464K, 100% used [0x00000000e0000000,0x00000000e3d00000,0x00000000e3d00000)
  from space 9728K, 0% used [0x00000000e4780000,0x00000000e4780000,0x00000000e5100000)
  to   space 10240K, 0% used [0x00000000e3d00000,0x00000000e3d00000,0x00000000e4700000)
 ParOldGen       total 50688K, used 8231K [0x00000000a0000000, 0x00000000a3180000, 0x00000000e0000000)
  object space 50688K, 16% used [0x00000000a0000000,0x00000000a0809f30,0x00000000a3180000)
 Metaspace       used 26604K, capacity 26994K, committed 27264K, reserved 1073152K
  class space    used 3710K, capacity 3868K, committed 3968K, reserved 1048576K
Event: 9.997 GC heap after
Heap after GC invocations=8 (full 1):
 PSYoungGen      total 72704K, used 6248K [0x00000000e0000000, 0x00000000e7f80000, 0x0000000100000000)
  eden space 62464K, 0% used [0x00000000e0000000,0x00000000e0000000,0x00000000e3d00000)
  from space 10240K, 61% used [0x00000000e3d00000,0x00000000e431a3a0,0x00000000e4700000)
  to   space 9728K, 0% used [0x00000000e7600000,0x00000000e7600000,0x00000000e7f80000)
 ParOldGen       total 50688K, used 8239K [0x00000000a0000000, 0x00000000a3180000, 0x00000000e0000000)
  object space 50688K, 16% used [0x00000000a0000000,0x00000000a080bf30,0x00000000a3180000)
 Metaspace       used 26604K, capacity 26994K, committed 27264K, reserved 1073152K
  class space    used 3710K, capacity 3868K, committed 3968K, reserved 1048576K
}
Event: 13.300 GC heap before
{Heap before GC invocations=9 (full 1):
 PSYoungGen      total 72704K, used 68712K [0x00000000e0000000, 0x00000000e7f80000, 0x0000000100000000)
  eden space 62464K, 100% used [0x00000000e0000000,0x00000000e3d00000,0x00000000e3d00000)
  from space 10240K, 61% used [0x00000000e3d00000,0x00000000e431a3a0,0x00000000e4700000)
  to   space 9728K, 0% used [0x00000000e7600000,0x00000000e7600000,0x00000000e7f80000)
 ParOldGen       total 50688K, used 8239K [0x00000000a0000000, 0x00000000a3180000, 0x00000000e0000000)
  object space 50688K, 16% used [0x00000000a0000000,0x00000000a080bf30,0x00000000a3180000)
 Metaspace       used 30274K, capacity 31056K, committed 31104K, reserved 1075200K
  class space    used 4229K, capacity 4439K, committed 4480K, reserved 1048576K
Event: 13.319 GC heap after
Heap after GC invocations=9 (full 1):
 PSYoungGen      total 117760K, used 9167K [0x00000000e0000000, 0x00000000e7f00000, 0x0000000100000000)
  eden space 108544K, 0% used [0x00000000e0000000,0x00000000e0000000,0x00000000e6a00000)
  from space 9216K, 99% used [0x00000000e7600000,0x00000000e7ef3ef8,0x00000000e7f00000)
  to   space 10752K, 0% used [0x00000000e6a00000,0x00000000e6a00000,0x00000000e7480000)
 ParOldGen       total 50688K, used 8247K [0x00000000a0000000, 0x00000000a3180000, 0x00000000e0000000)
  object space 50688K, 16% used [0x00000000a0000000,0x00000000a080df30,0x00000000a3180000)
 Metaspace       used 30274K, capacity 31056K, committed 31104K, reserved 1075200K
  class space    used 4229K, capacity 4439K, committed 4480K, reserved 1048576K
}
Event: 14.940 GC heap before
{Heap before GC invocations=10 (full 1):
 PSYoungGen      total 117760K, used 61773K [0x00000000e0000000, 0x00000000e7f00000, 0x0000000100000000)
  eden space 108544K, 48% used [0x00000000e0000000,0x00000000e335f7e0,0x00000000e6a00000)
  from space 9216K, 99% used [0x00000000e7600000,0x00000000e7ef3ef8,0x00000000e7f00000)
  to   space 10752K, 0% used [0x00000000e6a00000,0x00000000e6a00000,0x00000000e7480000)
 ParOldGen       total 50688K, used 8247K [0x00000000a0000000, 0x00000000a3180000, 0x00000000e0000000)
  object space 50688K, 16% used [0x00000000a0000000,0x00000000a080df30,0x00000000a3180000)
 Metaspace       used 34421K, capacity 35419K, committed 35496K, reserved 1079296K
  class space    used 4809K, capacity 5043K, committed 5120K, reserved 1048576K
Event: 14.960 GC heap after
Heap after GC invocations=10 (full 1):
 PSYoungGen      total 119296K, used 10744K [0x00000000e0000000, 0x00000000eb000000, 0x0000000100000000)
  eden space 108544K, 0% used [0x00000000e0000000,0x00000000e0000000,0x00000000e6a00000)
  from space 10752K, 99% used [0x00000000e6a00000,0x00000000e747e260,0x00000000e7480000)
  to   space 12288K, 0% used [0x00000000ea400000,0x00000000ea400000,0x00000000eb000000)
 ParOldGen       total 50688K, used 9695K [0x00000000a0000000, 0x00000000a3180000, 0x00000000e0000000)
  object space 50688K, 19% used [0x00000000a0000000,0x00000000a0977d90,0x00000000a3180000)
 Metaspace       used 34421K, capacity 35419K, committed 35496K, reserved 1079296K
  class space    used 4809K, capacity 5043K, committed 5120K, reserved 1048576K
}
Event: 14.960 GC heap before
{Heap before GC invocations=11 (full 2):
 PSYoungGen      total 119296K, used 10744K [0x00000000e0000000, 0x00000000eb000000, 0x0000000100000000)
  eden space 108544K, 0% used [0x00000000e0000000,0x00000000e0000000,0x00000000e6a00000)
  from space 10752K, 99% used [0x00000000e6a00000,0x00000000e747e260,0x00000000e7480000)
  to   space 12288K, 0% used [0x00000000ea400000,0x00000000ea400000,0x00000000eb000000)
 ParOldGen       total 50688K, used 9695K [0x00000000a0000000, 0x00000000a3180000, 0x00000000e0000000)
  object space 50688K, 19% used [0x00000000a0000000,0x00000000a0977d90,0x00000000a3180000)
 Metaspace       used 34421K, capacity 35419K, committed 35496K, reserved 1079296K
  class space    used 4809K, capacity 5043K, committed 5120K, reserved 1048576K
Event: 15.045 GC heap after
Heap after GC invocations=11 (full 2):
 PSYoungGen      total 119296K, used 0K [0x00000000e0000000, 0x00000000eb000000, 0x0000000100000000)
  eden space 108544K, 0% used [0x00000000e0000000,0x00000000e0000000,0x00000000e6a00000)
  from space 10752K, 0% used [0x00000000e6a00000,0x00000000e6a00000,0x00000000e7480000)
  to   space 12288K, 0% used [0x00000000ea400000,0x00000000ea400000,0x00000000eb000000)
 ParOldGen       total 74752K, used 19283K [0x00000000a0000000, 0x00000000a4900000, 0x00000000e0000000)
  object space 74752K, 25% used [0x00000000a0000000,0x00000000a12d4ef8,0x00000000a4900000)
 Metaspace       used 34421K, capacity 35419K, committed 35496K, reserved 1079296K
  class space    used 4809K, capacity 5043K, committed 5120K, reserved 1048576K
}

