# JRE version: OpenJDK Runtime Environment (8.0_202-b03) (build 1.8.0_202-release-1483-b03)
# Java VM: OpenJDK 64-Bit Server VM (25.202-b03 mixed mode windows-amd64 compressed oops)
Heap:
 PSYoungGen      total 107008K, used 39877K [0x00000000e0000000, 0x00000000e9c00000, 0x0000000100000000)
  eden space 65536K, 46% used [0x00000000e0000000,0x00000000e1de1c98,0x00000000e4000000)
  from space 41472K, 22% used [0x00000000e7380000,0x00000000e7c8f7e0,0x00000000e9c00000)
  to   space 29696K, 0% used [0x00000000e4000000,0x00000000e4000000,0x00000000e5d00000)
 ParOldGen       total 140288K, used 140205K [0x00000000a0000000, 0x00000000a8900000, 0x00000000e0000000)
  object space 140288K, 99% used [0x00000000a0000000,0x00000000a88eb7b8,0x00000000a8900000)
 Metaspace       used 78931K, capacity 81679K, committed 81792K, reserved 1120256K
  class space    used 10264K, capacity 10872K, committed 10880K, reserved 1048576K
GC Heap History (10 events):
Event: 121.635 GC heap before
{Heap before GC invocations=47 (full 4):
 PSYoungGen      total 83968K, used 81125K [0x00000000e0000000, 0x00000000e6600000, 0x0000000100000000)
  eden space 68096K, 100% used [0x00000000e0000000,0x00000000e4280000,0x00000000e4280000)
  from space 15872K, 82% used [0x00000000e5380000,0x00000000e60395b8,0x00000000e6300000)
  to   space 17408K, 0% used [0x00000000e4280000,0x00000000e4280000,0x00000000e5380000)
 ParOldGen       total 132608K, used 70402K [0x00000000a0000000, 0x00000000a8180000, 0x00000000e0000000)
  object space 132608K, 53% used [0x00000000a0000000,0x00000000a44c0a18,0x00000000a8180000)
 Metaspace       used 75240K, capacity 77861K, committed 77952K, reserved 1116160K
  class space    used 9742K, capacity 10349K, committed 10368K, reserved 1048576K
Event: 121.694 GC heap after
Heap after GC invocations=47 (full 4):
 PSYoungGen      total 85504K, used 16074K [0x00000000e0000000, 0x00000000e7000000, 0x0000000100000000)
  eden space 68096K, 0% used [0x00000000e0000000,0x00000000e0000000,0x00000000e4280000)
  from space 17408K, 92% used [0x00000000e4280000,0x00000000e5232b88,0x00000000e5380000)
  to   space 19456K, 0% used [0x00000000e5d00000,0x00000000e5d00000,0x00000000e7000000)
 ParOldGen       total 132608K, used 70410K [0x00000000a0000000, 0x00000000a8180000, 0x00000000e0000000)
  object space 132608K, 53% used [0x00000000a0000000,0x00000000a44c2a18,0x00000000a8180000)
 Metaspace       used 75240K, capacity 77861K, committed 77952K, reserved 1116160K
  class space    used 9742K, capacity 10349K, committed 10368K, reserved 1048576K
}
Event: 125.950 GC heap before
{Heap before GC invocations=48 (full 4):
 PSYoungGen      total 85504K, used 83975K [0x00000000e0000000, 0x00000000e7000000, 0x0000000100000000)
  eden space 68096K, 99% used [0x00000000e0000000,0x00000000e424f148,0x00000000e4280000)
  from space 17408K, 92% used [0x00000000e4280000,0x00000000e5232b88,0x00000000e5380000)
  to   space 19456K, 0% used [0x00000000e5d00000,0x00000000e5d00000,0x00000000e7000000)
 ParOldGen       total 132608K, used 70410K [0x00000000a0000000, 0x00000000a8180000, 0x00000000e0000000)
  object space 132608K, 53% used [0x00000000a0000000,0x00000000a44c2a18,0x00000000a8180000)
 Metaspace       used 77102K, capacity 79757K, committed 80000K, reserved 1118208K
  class space    used 9982K, capacity 10593K, committed 10624K, reserved 1048576K
Event: 125.985 GC heap after
Heap after GC invocations=48 (full 4):
 PSYoungGen      total 84992K, used 19454K [0x00000000e0000000, 0x00000000e8400000, 0x0000000100000000)
  eden space 65536K, 0% used [0x00000000e0000000,0x00000000e0000000,0x00000000e4000000)
  from space 19456K, 99% used [0x00000000e5d00000,0x00000000e6fffa68,0x00000000e7000000)
  to   space 29696K, 0% used [0x00000000e4000000,0x00000000e4000000,0x00000000e5d00000)
 ParOldGen       total 132608K, used 90796K [0x00000000a0000000, 0x00000000a8180000, 0x00000000e0000000)
  object space 132608K, 68% used [0x00000000a0000000,0x00000000a58ab338,0x00000000a8180000)
 Metaspace       used 77102K, capacity 79757K, committed 80000K, reserved 1118208K
  class space    used 9982K, capacity 10593K, committed 10624K, reserved 1048576K
}
Event: 126.822 GC heap before
{Heap before GC invocations=49 (full 4):
 PSYoungGen      total 84992K, used 84990K [0x00000000e0000000, 0x00000000e8400000, 0x0000000100000000)
  eden space 65536K, 100% used [0x00000000e0000000,0x00000000e4000000,0x00000000e4000000)
  from space 19456K, 99% used [0x00000000e5d00000,0x00000000e6fffa68,0x00000000e7000000)
  to   space 29696K, 0% used [0x00000000e4000000,0x00000000e4000000,0x00000000e5d00000)
 ParOldGen       total 132608K, used 90796K [0x00000000a0000000, 0x00000000a8180000, 0x00000000e0000000)
  object space 132608K, 68% used [0x00000000a0000000,0x00000000a58ab338,0x00000000a8180000)
 Metaspace       used 78492K, capacity 81155K, committed 81280K, reserved 1120256K
  class space    used 10233K, capacity 10834K, committed 10880K, reserved 1048576K
Event: 126.904 GC heap after
Heap after GC invocations=49 (full 4):
 PSYoungGen      total 95232K, used 29689K [0x00000000e0000000, 0x00000000e9c00000, 0x0000000100000000)
  eden space 65536K, 0% used [0x00000000e0000000,0x00000000e0000000,0x00000000e4000000)
  from space 29696K, 99% used [0x00000000e4000000,0x00000000e5cfe660,0x00000000e5d00000)
  to   space 41472K, 0% used [0x00000000e7380000,0x00000000e7380000,0x00000000e9c00000)
 ParOldGen       total 132608K, used 110058K [0x00000000a0000000, 0x00000000a8180000, 0x00000000e0000000)
  object space 132608K, 82% used [0x00000000a0000000,0x00000000a6b7abb8,0x00000000a8180000)
 Metaspace       used 78492K, capacity 81155K, committed 81280K, reserved 1120256K
  class space    used 10233K, capacity 10834K, committed 10880K, reserved 1048576K
}
Event: 127.888 GC heap before
{Heap before GC invocations=50 (full 4):
 PSYoungGen      total 95232K, used 95225K [0x00000000e0000000, 0x00000000e9c00000, 0x0000000100000000)
  eden space 65536K, 100% used [0x00000000e0000000,0x00000000e4000000,0x00000000e4000000)
  from space 29696K, 99% used [0x00000000e4000000,0x00000000e5cfe660,0x00000000e5d00000)
  to   space 41472K, 0% used [0x00000000e7380000,0x00000000e7380000,0x00000000e9c00000)
 ParOldGen       total 132608K, used 110058K [0x00000000a0000000, 0x00000000a8180000, 0x00000000e0000000)
  object space 132608K, 82% used [0x00000000a0000000,0x00000000a6b7abb8,0x00000000a8180000)
 Metaspace       used 78912K, capacity 81655K, committed 81792K, reserved 1120256K
  class space    used 10266K, capacity 10880K, committed 10880K, reserved 1048576K
Event: 128.030 GC heap after
Heap after GC invocations=50 (full 4):
 PSYoungGen      total 107008K, used 38541K [0x00000000e0000000, 0x00000000e9c00000, 0x0000000100000000)
  eden space 65536K, 0% used [0x00000000e0000000,0x00000000e0000000,0x00000000e4000000)
  from space 41472K, 92% used [0x00000000e7380000,0x00000000e9923590,0x00000000e9c00000)
  to   space 29696K, 0% used [0x00000000e4000000,0x00000000e4000000,0x00000000e5d00000)
 ParOldGen       total 140288K, used 139545K [0x00000000a0000000, 0x00000000a8900000, 0x00000000e0000000)
  object space 140288K, 99% used [0x00000000a0000000,0x00000000a88465e0,0x00000000a8900000)
 Metaspace       used 78912K, capacity 81655K, committed 81792K, reserved 1120256K
  class space    used 10266K, capacity 10880K, committed 10880K, reserved 1048576K
}
Event: 128.030 GC heap before
{Heap before GC invocations=51 (full 5):
 PSYoungGen      total 107008K, used 38541K [0x00000000e0000000, 0x00000000e9c00000, 0x0000000100000000)
  eden space 65536K, 0% used [0x00000000e0000000,0x00000000e0000000,0x00000000e4000000)
  from space 41472K, 92% used [0x00000000e7380000,0x00000000e9923590,0x00000000e9c00000)
  to   space 29696K, 0% used [0x00000000e4000000,0x00000000e4000000,0x00000000e5d00000)
 ParOldGen       total 140288K, used 139545K [0x00000000a0000000, 0x00000000a8900000, 0x00000000e0000000)
  object space 140288K, 99% used [0x00000000a0000000,0x00000000a88465e0,0x00000000a8900000)
 Metaspace       used 78912K, capacity 81655K, committed 81792K, reserved 1120256K
  class space    used 10266K, capacity 10880K, committed 10880K, reserved 1048576K
Event: 128.931 GC heap after
Heap after GC invocations=51 (full 5):
 PSYoungGen      total 107008K, used 9277K [0x00000000e0000000, 0x00000000e9c00000, 0x0000000100000000)
  eden space 65536K, 0% used [0x00000000e0000000,0x00000000e0000000,0x00000000e4000000)
  from space 41472K, 22% used [0x00000000e7380000,0x00000000e7c8f7e0,0x00000000e9c00000)
  to   space 29696K, 0% used [0x00000000e4000000,0x00000000e4000000,0x00000000e5d00000)
 ParOldGen       total 140288K, used 140205K [0x00000000a0000000, 0x00000000a8900000, 0x00000000e0000000)
  object space 140288K, 99% used [0x00000000a0000000,0x00000000a88eb7b8,0x00000000a8900000)
 Metaspace       used 78897K, capacity 81609K, committed 81792K, reserved 1120256K
  class space    used 10261K, capacity 10871K, committed 10880K, reserved 1048576K
}

