# JRE version: OpenJDK Runtime Environment (8.0_202-b03) (build 1.8.0_202-release-1483-b03)
# Java VM: OpenJDK 64-Bit Server VM (25.202-b03 mixed mode windows-amd64 compressed oops)
Heap:
 PSYoungGen      total 457728K, used 177057K [0x00000000e0000000, 0x0000000100000000, 0x0000000100000000)
  eden space 398848K, 35% used [0x00000000e0000000,0x00000000e89b4ef8,0x00000000f8580000)
  from space 58880K, 61% used [0x00000000fc200000,0x00000000fe5337c8,0x00000000ffb80000)
  to   space 61952K, 0% used [0x00000000f8580000,0x00000000f8580000,0x00000000fc200000)
 ParOldGen       total 284672K, used 143595K [0x00000000a0000000, 0x00000000b1600000, 0x00000000e0000000)
  object space 284672K, 50% used [0x00000000a0000000,0x00000000a8c3aed8,0x00000000b1600000)
 Metaspace       used 99274K, capacity 106687K, committed 106752K, reserved 1142784K
  class space    used 12377K, capacity 13514K, committed 13568K, reserved 1048576K
GC Heap History (10 events):
Event: 7083.566 GC heap before
{Heap before GC invocations=91 (full 8):
 PSYoungGen      total 453632K, used 437665K [0x00000000e0000000, 0x0000000100000000, 0x0000000100000000)
  eden space 395776K, 100% used [0x00000000e0000000,0x00000000f8280000,0x00000000f8280000)
  from space 57856K, 72% used [0x00000000fc080000,0x00000000fe968580,0x00000000ff900000)
  to   space 63488K, 0% used [0x00000000f8280000,0x00000000f8280000,0x00000000fc080000)
 ParOldGen       total 238592K, used 182774K [0x00000000a0000000, 0x00000000ae900000, 0x00000000e0000000)
  object space 238592K, 76% used [0x00000000a0000000,0x00000000ab27db60,0x00000000ae900000)
 Metaspace       used 99122K, capacity 106469K, committed 106752K, reserved 1142784K
  class space    used 12370K, capacity 13509K, committed 13568K, reserved 1048576K
Event: 7083.615 GC heap after
Heap after GC invocations=91 (full 8):
 PSYoungGen      total 459264K, used 32025K [0x00000000e0000000, 0x0000000100000000, 0x0000000100000000)
  eden space 395776K, 0% used [0x00000000e0000000,0x00000000e0000000,0x00000000f8280000)
  from space 63488K, 50% used [0x00000000f8280000,0x00000000fa1c6430,0x00000000fc080000)
  to   space 64000K, 0% used [0x00000000fc180000,0x00000000fc180000,0x0000000100000000)
 ParOldGen       total 238592K, used 207749K [0x00000000a0000000, 0x00000000ae900000, 0x00000000e0000000)
  object space 238592K, 87% used [0x00000000a0000000,0x00000000acae1498,0x00000000ae900000)
 Metaspace       used 99122K, capacity 106469K, committed 106752K, reserved 1142784K
  class space    used 12370K, capacity 13509K, committed 13568K, reserved 1048576K
}
Event: 7083.615 GC heap before
{Heap before GC invocations=92 (full 9):
 PSYoungGen      total 459264K, used 32025K [0x00000000e0000000, 0x0000000100000000, 0x0000000100000000)
  eden space 395776K, 0% used [0x00000000e0000000,0x00000000e0000000,0x00000000f8280000)
  from space 63488K, 50% used [0x00000000f8280000,0x00000000fa1c6430,0x00000000fc080000)
  to   space 64000K, 0% used [0x00000000fc180000,0x00000000fc180000,0x0000000100000000)
 ParOldGen       total 238592K, used 207749K [0x00000000a0000000, 0x00000000ae900000, 0x00000000e0000000)
  object space 238592K, 87% used [0x00000000a0000000,0x00000000acae1498,0x00000000ae900000)
 Metaspace       used 99122K, capacity 106469K, committed 106752K, reserved 1142784K
  class space    used 12370K, capacity 13509K, committed 13568K, reserved 1048576K
Event: 7084.148 GC heap after
Heap after GC invocations=92 (full 9):
 PSYoungGen      total 459264K, used 0K [0x00000000e0000000, 0x0000000100000000, 0x0000000100000000)
  eden space 395776K, 0% used [0x00000000e0000000,0x00000000e0000000,0x00000000f8280000)
  from space 63488K, 0% used [0x00000000f8280000,0x00000000f8280000,0x00000000fc080000)
  to   space 64000K, 0% used [0x00000000fc180000,0x00000000fc180000,0x0000000100000000)
 ParOldGen       total 284672K, used 136489K [0x00000000a0000000, 0x00000000b1600000, 0x00000000e0000000)
  object space 284672K, 47% used [0x00000000a0000000,0x00000000a854a668,0x00000000b1600000)
 Metaspace       used 99115K, capacity 106457K, committed 106752K, reserved 1142784K
  class space    used 12369K, capacity 13507K, committed 13568K, reserved 1048576K
}
Event: 7130.100 GC heap before
{Heap before GC invocations=93 (full 9):
 PSYoungGen      total 459264K, used 395776K [0x00000000e0000000, 0x0000000100000000, 0x0000000100000000)
  eden space 395776K, 100% used [0x00000000e0000000,0x00000000f8280000,0x00000000f8280000)
  from space 63488K, 0% used [0x00000000f8280000,0x00000000f8280000,0x00000000fc080000)
  to   space 64000K, 0% used [0x00000000fc180000,0x00000000fc180000,0x0000000100000000)
 ParOldGen       total 284672K, used 136489K [0x00000000a0000000, 0x00000000b1600000, 0x00000000e0000000)
  object space 284672K, 47% used [0x00000000a0000000,0x00000000a854a668,0x00000000b1600000)
 Metaspace       used 99131K, capacity 106521K, committed 106752K, reserved 1142784K
  class space    used 12369K, capacity 13507K, committed 13568K, reserved 1048576K
Event: 7130.188 GC heap after
Heap after GC invocations=93 (full 9):
 PSYoungGen      total 457216K, used 5494K [0x00000000e0000000, 0x00000000ffc80000, 0x0000000100000000)
  eden space 396800K, 0% used [0x00000000e0000000,0x00000000e0000000,0x00000000f8380000)
  from space 60416K, 9% used [0x00000000fc180000,0x00000000fc6dda60,0x00000000ffc80000)
  to   space 61952K, 0% used [0x00000000f8380000,0x00000000f8380000,0x00000000fc000000)
 ParOldGen       total 284672K, used 136489K [0x00000000a0000000, 0x00000000b1600000, 0x00000000e0000000)
  object space 284672K, 47% used [0x00000000a0000000,0x00000000a854a668,0x00000000b1600000)
 Metaspace       used 99131K, capacity 106521K, committed 106752K, reserved 1142784K
  class space    used 12369K, capacity 13507K, committed 13568K, reserved 1048576K
}
Event: 7442.683 GC heap before
{Heap before GC invocations=94 (full 9):
 PSYoungGen      total 457216K, used 402294K [0x00000000e0000000, 0x00000000ffc80000, 0x0000000100000000)
  eden space 396800K, 100% used [0x00000000e0000000,0x00000000f8380000,0x00000000f8380000)
  from space 60416K, 9% used [0x00000000fc180000,0x00000000fc6dda60,0x00000000ffc80000)
  to   space 61952K, 0% used [0x00000000f8380000,0x00000000f8380000,0x00000000fc000000)
 ParOldGen       total 284672K, used 136489K [0x00000000a0000000, 0x00000000b1600000, 0x00000000e0000000)
  object space 284672K, 47% used [0x00000000a0000000,0x00000000a854a668,0x00000000b1600000)
 Metaspace       used 99166K, capacity 106539K, committed 106752K, reserved 1142784K
  class space    used 12371K, capacity 13510K, committed 13568K, reserved 1048576K
Event: 7442.733 GC heap after
Heap after GC invocations=94 (full 9):
 PSYoungGen      total 458752K, used 9828K [0x00000000e0000000, 0x00000000ffb80000, 0x0000000100000000)
  eden space 396800K, 0% used [0x00000000e0000000,0x00000000e0000000,0x00000000f8380000)
  from space 61952K, 15% used [0x00000000f8380000,0x00000000f8d193c8,0x00000000fc000000)
  to   space 58880K, 0% used [0x00000000fc200000,0x00000000fc200000,0x00000000ffb80000)
 ParOldGen       total 284672K, used 139386K [0x00000000a0000000, 0x00000000b1600000, 0x00000000e0000000)
  object space 284672K, 48% used [0x00000000a0000000,0x00000000a881eac0,0x00000000b1600000)
 Metaspace       used 99166K, capacity 106539K, committed 106752K, reserved 1142784K
  class space    used 12371K, capacity 13510K, committed 13568K, reserved 1048576K
}
Event: 7462.129 GC heap before
{Heap before GC invocations=95 (full 9):
 PSYoungGen      total 458752K, used 406628K [0x00000000e0000000, 0x00000000ffb80000, 0x0000000100000000)
  eden space 396800K, 100% used [0x00000000e0000000,0x00000000f8380000,0x00000000f8380000)
  from space 61952K, 15% used [0x00000000f8380000,0x00000000f8d193c8,0x00000000fc000000)
  to   space 58880K, 0% used [0x00000000fc200000,0x00000000fc200000,0x00000000ffb80000)
 ParOldGen       total 284672K, used 139386K [0x00000000a0000000, 0x00000000b1600000, 0x00000000e0000000)
  object space 284672K, 48% used [0x00000000a0000000,0x00000000a881eac0,0x00000000b1600000)
 Metaspace       used 99206K, capacity 106623K, committed 106752K, reserved 1142784K
  class space    used 12377K, capacity 13514K, committed 13568K, reserved 1048576K
Event: 7462.270 GC heap after
Heap after GC invocations=95 (full 9):
 PSYoungGen      total 457728K, used 36045K [0x00000000e0000000, 0x0000000100000000, 0x0000000100000000)
  eden space 398848K, 0% used [0x00000000e0000000,0x00000000e0000000,0x00000000f8580000)
  from space 58880K, 61% used [0x00000000fc200000,0x00000000fe5337c8,0x00000000ffb80000)
  to   space 61952K, 0% used [0x00000000f8580000,0x00000000f8580000,0x00000000fc200000)
 ParOldGen       total 284672K, used 143595K [0x00000000a0000000, 0x00000000b1600000, 0x00000000e0000000)
  object space 284672K, 50% used [0x00000000a0000000,0x00000000a8c3aed8,0x00000000b1600000)
 Metaspace       used 99206K, capacity 106623K, committed 106752K, reserved 1142784K
  class space    used 12377K, capacity 13514K, committed 13568K, reserved 1048576K
}

