# JRE version: OpenJDK Runtime Environment (8.0_202-b03) (build 1.8.0_202-release-1483-b03)
# Java VM: OpenJDK 64-Bit Server VM (25.202-b03 mixed mode windows-amd64 compressed oops)
Heap:
 PSYoungGen      total 176128K, used 63227K [0x00000000e0000000, 0x00000000efa00000, 0x0000000100000000)
  eden space 150528K, 25% used [0x00000000e0000000,0x00000000e24c1f50,0x00000000e9300000)
  from space 25600K, 99% used [0x00000000ebd80000,0x00000000ed67cd50,0x00000000ed680000)
  to   space 43520K, 0% used [0x00000000e9300000,0x00000000e9300000,0x00000000ebd80000)
 ParOldGen       total 135168K, used 73223K [0x00000000a0000000, 0x00000000a8400000, 0x00000000e0000000)
  object space 135168K, 54% used [0x00000000a0000000,0x00000000a4781f00,0x00000000a8400000)
 Metaspace       used 72740K, capacity 75619K, committed 75776K, reserved 1114112K
  class space    used 9612K, capacity 10235K, committed 10240K, reserved 1048576K
GC Heap History (10 events):
Event: 35.149 GC heap before
{Heap before GC invocations=21 (full 3):
 PSYoungGen      total 120320K, used 106719K [0x00000000e0000000, 0x00000000e9c00000, 0x0000000100000000)
  eden space 99328K, 100% used [0x00000000e0000000,0x00000000e6100000,0x00000000e6100000)
  from space 20992K, 35% used [0x00000000e6100000,0x00000000e6837f18,0x00000000e7580000)
  to   space 20480K, 0% used [0x00000000e8800000,0x00000000e8800000,0x00000000e9c00000)
 ParOldGen       total 135168K, used 33389K [0x00000000a0000000, 0x00000000a8400000, 0x00000000e0000000)
  object space 135168K, 24% used [0x00000000a0000000,0x00000000a209b7a8,0x00000000a8400000)
 Metaspace       used 63348K, capacity 65659K, committed 65792K, reserved 1105920K
  class space    used 8629K, capacity 9162K, committed 9216K, reserved 1048576K
Event: 35.393 GC heap after
Heap after GC invocations=21 (full 3):
 PSYoungGen      total 139264K, used 12047K [0x00000000e0000000, 0x00000000e9f80000, 0x0000000100000000)
  eden space 118784K, 0% used [0x00000000e0000000,0x00000000e0000000,0x00000000e7400000)
  from space 20480K, 58% used [0x00000000e8800000,0x00000000e93c3d40,0x00000000e9c00000)
  to   space 20480K, 0% used [0x00000000e7400000,0x00000000e7400000,0x00000000e8800000)
 ParOldGen       total 135168K, used 33397K [0x00000000a0000000, 0x00000000a8400000, 0x00000000e0000000)
  object space 135168K, 24% used [0x00000000a0000000,0x00000000a209d7a8,0x00000000a8400000)
 Metaspace       used 63348K, capacity 65659K, committed 65792K, reserved 1105920K
  class space    used 8629K, capacity 9162K, committed 9216K, reserved 1048576K
}
Event: 61.708 GC heap before
{Heap before GC invocations=22 (full 3):
 PSYoungGen      total 139264K, used 130831K [0x00000000e0000000, 0x00000000e9f80000, 0x0000000100000000)
  eden space 118784K, 100% used [0x00000000e0000000,0x00000000e7400000,0x00000000e7400000)
  from space 20480K, 58% used [0x00000000e8800000,0x00000000e93c3d40,0x00000000e9c00000)
  to   space 20480K, 0% used [0x00000000e7400000,0x00000000e7400000,0x00000000e8800000)
 ParOldGen       total 135168K, used 33397K [0x00000000a0000000, 0x00000000a8400000, 0x00000000e0000000)
  object space 135168K, 24% used [0x00000000a0000000,0x00000000a209d7a8,0x00000000a8400000)
 Metaspace       used 68037K, capacity 70533K, committed 70784K, reserved 1110016K
  class space    used 9011K, capacity 9552K, committed 9600K, reserved 1048576K
Event: 61.871 GC heap after
Heap after GC invocations=22 (full 3):
 PSYoungGen      total 139264K, used 18309K [0x00000000e0000000, 0x00000000eb880000, 0x0000000100000000)
  eden space 118784K, 0% used [0x00000000e0000000,0x00000000e0000000,0x00000000e7400000)
  from space 20480K, 89% used [0x00000000e7400000,0x00000000e85e16d8,0x00000000e8800000)
  to   space 22528K, 0% used [0x00000000ea280000,0x00000000ea280000,0x00000000eb880000)
 ParOldGen       total 135168K, used 33405K [0x00000000a0000000, 0x00000000a8400000, 0x00000000e0000000)
  object space 135168K, 24% used [0x00000000a0000000,0x00000000a209f7a8,0x00000000a8400000)
 Metaspace       used 68037K, capacity 70533K, committed 70784K, reserved 1110016K
  class space    used 9011K, capacity 9552K, committed 9600K, reserved 1048576K
}
Event: 93.652 GC heap before
{Heap before GC invocations=23 (full 3):
 PSYoungGen      total 139264K, used 137093K [0x00000000e0000000, 0x00000000eb880000, 0x0000000100000000)
  eden space 118784K, 100% used [0x00000000e0000000,0x00000000e7400000,0x00000000e7400000)
  from space 20480K, 89% used [0x00000000e7400000,0x00000000e85e16d8,0x00000000e8800000)
  to   space 22528K, 0% used [0x00000000ea280000,0x00000000ea280000,0x00000000eb880000)
 ParOldGen       total 135168K, used 33405K [0x00000000a0000000, 0x00000000a8400000, 0x00000000e0000000)
  object space 135168K, 24% used [0x00000000a0000000,0x00000000a209f7a8,0x00000000a8400000)
 Metaspace       used 68650K, capacity 71277K, committed 71424K, reserved 1112064K
  class space    used 9060K, capacity 9632K, committed 9728K, reserved 1048576K
Event: 93.693 GC heap after
Heap after GC invocations=23 (full 3):
 PSYoungGen      total 160256K, used 13922K [0x00000000e0000000, 0x00000000eb580000, 0x0000000100000000)
  eden space 140800K, 0% used [0x00000000e0000000,0x00000000e0000000,0x00000000e8980000)
  from space 19456K, 71% used [0x00000000ea280000,0x00000000eb018a90,0x00000000eb580000)
  to   space 22528K, 0% used [0x00000000e8980000,0x00000000e8980000,0x00000000e9f80000)
 ParOldGen       total 135168K, used 33413K [0x00000000a0000000, 0x00000000a8400000, 0x00000000e0000000)
  object space 135168K, 24% used [0x00000000a0000000,0x00000000a20a17a8,0x00000000a8400000)
 Metaspace       used 68650K, capacity 71277K, committed 71424K, reserved 1112064K
  class space    used 9060K, capacity 9632K, committed 9728K, reserved 1048576K
}
Event: 98.923 GC heap before
{Heap before GC invocations=24 (full 3):
 PSYoungGen      total 160256K, used 154722K [0x00000000e0000000, 0x00000000eb580000, 0x0000000100000000)
  eden space 140800K, 100% used [0x00000000e0000000,0x00000000e8980000,0x00000000e8980000)
  from space 19456K, 71% used [0x00000000ea280000,0x00000000eb018a90,0x00000000eb580000)
  to   space 22528K, 0% used [0x00000000e8980000,0x00000000e8980000,0x00000000e9f80000)
 ParOldGen       total 135168K, used 33413K [0x00000000a0000000, 0x00000000a8400000, 0x00000000e0000000)
  object space 135168K, 24% used [0x00000000a0000000,0x00000000a20a17a8,0x00000000a8400000)
 Metaspace       used 69022K, capacity 71707K, committed 71936K, reserved 1112064K
  class space    used 9081K, capacity 9641K, committed 9728K, reserved 1048576K
Event: 99.033 GC heap after
Heap after GC invocations=24 (full 3):
 PSYoungGen      total 163328K, used 22172K [0x00000000e0000000, 0x00000000ed680000, 0x0000000100000000)
  eden space 140800K, 0% used [0x00000000e0000000,0x00000000e0000000,0x00000000e8980000)
  from space 22528K, 98% used [0x00000000e8980000,0x00000000e9f27090,0x00000000e9f80000)
  to   space 25600K, 0% used [0x00000000ebd80000,0x00000000ebd80000,0x00000000ed680000)
 ParOldGen       total 135168K, used 33421K [0x00000000a0000000, 0x00000000a8400000, 0x00000000e0000000)
  object space 135168K, 24% used [0x00000000a0000000,0x00000000a20a37a8,0x00000000a8400000)
 Metaspace       used 69022K, capacity 71707K, committed 71936K, reserved 1112064K
  class space    used 9081K, capacity 9641K, committed 9728K, reserved 1048576K
}
Event: 102.889 GC heap before
{Heap before GC invocations=25 (full 3):
 PSYoungGen      total 163328K, used 162972K [0x00000000e0000000, 0x00000000ed680000, 0x0000000100000000)
  eden space 140800K, 100% used [0x00000000e0000000,0x00000000e8980000,0x00000000e8980000)
  from space 22528K, 98% used [0x00000000e8980000,0x00000000e9f27090,0x00000000e9f80000)
  to   space 25600K, 0% used [0x00000000ebd80000,0x00000000ebd80000,0x00000000ed680000)
 ParOldGen       total 135168K, used 33421K [0x00000000a0000000, 0x00000000a8400000, 0x00000000e0000000)
  object space 135168K, 24% used [0x00000000a0000000,0x00000000a20a37a8,0x00000000a8400000)
 Metaspace       used 71051K, capacity 73807K, committed 73984K, reserved 1114112K
  class space    used 9334K, capacity 9951K, committed 9984K, reserved 1048576K
Event: 102.957 GC heap after
Heap after GC invocations=25 (full 3):
 PSYoungGen      total 176128K, used 25587K [0x00000000e0000000, 0x00000000efa00000, 0x0000000100000000)
  eden space 150528K, 0% used [0x00000000e0000000,0x00000000e0000000,0x00000000e9300000)
  from space 25600K, 99% used [0x00000000ebd80000,0x00000000ed67cd50,0x00000000ed680000)
  to   space 43520K, 0% used [0x00000000e9300000,0x00000000e9300000,0x00000000ebd80000)
 ParOldGen       total 135168K, used 73223K [0x00000000a0000000, 0x00000000a8400000, 0x00000000e0000000)
  object space 135168K, 54% used [0x00000000a0000000,0x00000000a4781f00,0x00000000a8400000)
 Metaspace       used 71051K, capacity 73807K, committed 73984K, reserved 1114112K
  class space    used 9334K, capacity 9951K, committed 9984K, reserved 1048576K
}

