# JRE version: OpenJDK Runtime Environment (8.0_202-b03) (build 1.8.0_202-release-1483-b03)
# Java VM: OpenJDK 64-Bit Server VM (25.202-b03 mixed mode windows-amd64 compressed oops)
Heap:
 PSYoungGen      total 113152K, used 34581K [0x00000000e0000000, 0x00000000e9e00000, 0x0000000100000000)
  eden space 102400K, 33% used [0x00000000e0000000,0x00000000e21c5488,0x00000000e6400000)
  from space 10752K, 0% used [0x00000000e6400000,0x00000000e6400000,0x00000000e6e80000)
  to   space 12288K, 0% used [0x00000000e9200000,0x00000000e9200000,0x00000000e9e00000)
 ParOldGen       total 82432K, used 19271K [0x00000000a0000000, 0x00000000a5080000, 0x00000000e0000000)
  object space 82432K, 23% used [0x00000000a0000000,0x00000000a12d1fe0,0x00000000a5080000)
 Metaspace       used 39230K, capacity 40258K, committed 40576K, reserved 1085440K
  class space    used 5376K, capacity 5648K, committed 5760K, reserved 1048576K
GC Heap History (10 events):
Event: 6.089 GC heap before
{Heap before GC invocations=7 (full 1):
 PSYoungGen      total 72192K, used 6733K [0x00000000e0000000, 0x00000000e5100000, 0x0000000100000000)
  eden space 62464K, 0% used [0x00000000e0000000,0x00000000e0000000,0x00000000e3d00000)
  from space 9728K, 69% used [0x00000000e4780000,0x00000000e4e13758,0x00000000e5100000)
  to   space 10240K, 0% used [0x00000000e3d00000,0x00000000e3d00000,0x00000000e4700000)
 ParOldGen       total 83456K, used 8830K [0x00000000a0000000, 0x00000000a5180000, 0x00000000e0000000)
  object space 83456K, 10% used [0x00000000a0000000,0x00000000a089f898,0x00000000a5180000)
 Metaspace       used 20684K, capacity 21128K, committed 21296K, reserved 1067008K
  class space    used 2909K, capacity 3089K, committed 3200K, reserved 1048576K
Event: 6.154 GC heap after
Heap after GC invocations=7 (full 1):
 PSYoungGen      total 72192K, used 0K [0x00000000e0000000, 0x00000000e5100000, 0x0000000100000000)
  eden space 62464K, 0% used [0x00000000e0000000,0x00000000e0000000,0x00000000e3d00000)
  from space 9728K, 0% used [0x00000000e4780000,0x00000000e4780000,0x00000000e5100000)
  to   space 10240K, 0% used [0x00000000e3d00000,0x00000000e3d00000,0x00000000e4700000)
 ParOldGen       total 53760K, used 8182K [0x00000000a0000000, 0x00000000a3480000, 0x00000000e0000000)
  object space 53760K, 15% used [0x00000000a0000000,0x00000000a07fda00,0x00000000a3480000)
 Metaspace       used 20684K, capacity 21128K, committed 21296K, reserved 1067008K
  class space    used 2909K, capacity 3089K, committed 3200K, reserved 1048576K
}
Event: 7.666 GC heap before
{Heap before GC invocations=8 (full 1):
 PSYoungGen      total 72192K, used 62464K [0x00000000e0000000, 0x00000000e5100000, 0x0000000100000000)
  eden space 62464K, 100% used [0x00000000e0000000,0x00000000e3d00000,0x00000000e3d00000)
  from space 9728K, 0% used [0x00000000e4780000,0x00000000e4780000,0x00000000e5100000)
  to   space 10240K, 0% used [0x00000000e3d00000,0x00000000e3d00000,0x00000000e4700000)
 ParOldGen       total 53760K, used 8182K [0x00000000a0000000, 0x00000000a3480000, 0x00000000e0000000)
  object space 53760K, 15% used [0x00000000a0000000,0x00000000a07fda00,0x00000000a3480000)
 Metaspace       used 26592K, capacity 26994K, committed 27264K, reserved 1073152K
  class space    used 3709K, capacity 3868K, committed 3968K, reserved 1048576K
Event: 7.675 GC heap after
Heap after GC invocations=8 (full 1):
 PSYoungGen      total 72704K, used 6230K [0x00000000e0000000, 0x00000000e7900000, 0x0000000100000000)
  eden space 62464K, 0% used [0x00000000e0000000,0x00000000e0000000,0x00000000e3d00000)
  from space 10240K, 60% used [0x00000000e3d00000,0x00000000e4315bb0,0x00000000e4700000)
  to   space 9728K, 0% used [0x00000000e6f80000,0x00000000e6f80000,0x00000000e7900000)
 ParOldGen       total 53760K, used 8190K [0x00000000a0000000, 0x00000000a3480000, 0x00000000e0000000)
  object space 53760K, 15% used [0x00000000a0000000,0x00000000a07ffa00,0x00000000a3480000)
 Metaspace       used 26592K, capacity 26994K, committed 27264K, reserved 1073152K
  class space    used 3709K, capacity 3868K, committed 3968K, reserved 1048576K
}
Event: 11.342 GC heap before
{Heap before GC invocations=9 (full 1):
 PSYoungGen      total 72704K, used 68694K [0x00000000e0000000, 0x00000000e7900000, 0x0000000100000000)
  eden space 62464K, 100% used [0x00000000e0000000,0x00000000e3d00000,0x00000000e3d00000)
  from space 10240K, 60% used [0x00000000e3d00000,0x00000000e4315bb0,0x00000000e4700000)
  to   space 9728K, 0% used [0x00000000e6f80000,0x00000000e6f80000,0x00000000e7900000)
 ParOldGen       total 53760K, used 8190K [0x00000000a0000000, 0x00000000a3480000, 0x00000000e0000000)
  object space 53760K, 15% used [0x00000000a0000000,0x00000000a07ffa00,0x00000000a3480000)
 Metaspace       used 30256K, capacity 31056K, committed 31104K, reserved 1075200K
  class space    used 4227K, capacity 4439K, committed 4480K, reserved 1048576K
Event: 11.358 GC heap after
Heap after GC invocations=9 (full 1):
 PSYoungGen      total 111104K, used 9275K [0x00000000e0000000, 0x00000000e7900000, 0x0000000100000000)
  eden space 101376K, 0% used [0x00000000e0000000,0x00000000e0000000,0x00000000e6300000)
  from space 9728K, 95% used [0x00000000e6f80000,0x00000000e788efb0,0x00000000e7900000)
  to   space 10752K, 0% used [0x00000000e6400000,0x00000000e6400000,0x00000000e6e80000)
 ParOldGen       total 53760K, used 8198K [0x00000000a0000000, 0x00000000a3480000, 0x00000000e0000000)
  object space 53760K, 15% used [0x00000000a0000000,0x00000000a0801a00,0x00000000a3480000)
 Metaspace       used 30256K, capacity 31056K, committed 31104K, reserved 1075200K
  class space    used 4227K, capacity 4439K, committed 4480K, reserved 1048576K
}
Event: 13.201 GC heap before
{Heap before GC invocations=10 (full 1):
 PSYoungGen      total 111104K, used 61703K [0x00000000e0000000, 0x00000000e7900000, 0x0000000100000000)
  eden space 101376K, 51% used [0x00000000e0000000,0x00000000e3332d30,0x00000000e6300000)
  from space 9728K, 95% used [0x00000000e6f80000,0x00000000e788efb0,0x00000000e7900000)
  to   space 10752K, 0% used [0x00000000e6400000,0x00000000e6400000,0x00000000e6e80000)
 ParOldGen       total 53760K, used 8198K [0x00000000a0000000, 0x00000000a3480000, 0x00000000e0000000)
  object space 53760K, 15% used [0x00000000a0000000,0x00000000a0801a00,0x00000000a3480000)
 Metaspace       used 34440K, capacity 35362K, committed 35496K, reserved 1079296K
  class space    used 4811K, capacity 5046K, committed 5120K, reserved 1048576K
Event: 13.217 GC heap after
Heap after GC invocations=10 (full 1):
 PSYoungGen      total 113152K, used 10741K [0x00000000e0000000, 0x00000000e9e00000, 0x0000000100000000)
  eden space 102400K, 0% used [0x00000000e0000000,0x00000000e0000000,0x00000000e6400000)
  from space 10752K, 99% used [0x00000000e6400000,0x00000000e6e7d568,0x00000000e6e80000)
  to   space 12288K, 0% used [0x00000000e9200000,0x00000000e9200000,0x00000000e9e00000)
 ParOldGen       total 53760K, used 9623K [0x00000000a0000000, 0x00000000a3480000, 0x00000000e0000000)
  object space 53760K, 17% used [0x00000000a0000000,0x00000000a0965ef0,0x00000000a3480000)
 Metaspace       used 34440K, capacity 35362K, committed 35496K, reserved 1079296K
  class space    used 4811K, capacity 5046K, committed 5120K, reserved 1048576K
}
Event: 13.217 GC heap before
{Heap before GC invocations=11 (full 2):
 PSYoungGen      total 113152K, used 10741K [0x00000000e0000000, 0x00000000e9e00000, 0x0000000100000000)
  eden space 102400K, 0% used [0x00000000e0000000,0x00000000e0000000,0x00000000e6400000)
  from space 10752K, 99% used [0x00000000e6400000,0x00000000e6e7d568,0x00000000e6e80000)
  to   space 12288K, 0% used [0x00000000e9200000,0x00000000e9200000,0x00000000e9e00000)
 ParOldGen       total 53760K, used 9623K [0x00000000a0000000, 0x00000000a3480000, 0x00000000e0000000)
  object space 53760K, 17% used [0x00000000a0000000,0x00000000a0965ef0,0x00000000a3480000)
 Metaspace       used 34440K, capacity 35362K, committed 35496K, reserved 1079296K
  class space    used 4811K, capacity 5046K, committed 5120K, reserved 1048576K
Event: 13.313 GC heap after
Heap after GC invocations=11 (full 2):
 PSYoungGen      total 113152K, used 0K [0x00000000e0000000, 0x00000000e9e00000, 0x0000000100000000)
  eden space 102400K, 0% used [0x00000000e0000000,0x00000000e0000000,0x00000000e6400000)
  from space 10752K, 0% used [0x00000000e6400000,0x00000000e6400000,0x00000000e6e80000)
  to   space 12288K, 0% used [0x00000000e9200000,0x00000000e9200000,0x00000000e9e00000)
 ParOldGen       total 82432K, used 19271K [0x00000000a0000000, 0x00000000a5080000, 0x00000000e0000000)
  object space 82432K, 23% used [0x00000000a0000000,0x00000000a12d1fe0,0x00000000a5080000)
 Metaspace       used 34440K, capacity 35362K, committed 35496K, reserved 1079296K
  class space    used 4811K, capacity 5046K, committed 5120K, reserved 1048576K
}

