# JRE version: OpenJDK Runtime Environment (8.0_202-b03) (build 1.8.0_202-release-1483-b03)
# Java VM: OpenJDK 64-Bit Server VM (25.202-b03 mixed mode windows-amd64 compressed oops)
Heap:
 PSYoungGen      total 119296K, used 10358K [0x00000000e0000000, 0x00000000eaa80000, 0x0000000100000000)
  eden space 102912K, 10% used [0x00000000e0000000,0x00000000e0a1db90,0x00000000e6480000)
  from space 16384K, 0% used [0x00000000e6480000,0x00000000e6480000,0x00000000e7480000)
  to   space 16896K, 0% used [0x00000000e9a00000,0x00000000e9a00000,0x00000000eaa80000)
 ParOldGen       total 81920K, used 33090K [0x00000000a0000000, 0x00000000a5000000, 0x00000000e0000000)
  object space 81920K, 40% used [0x00000000a0000000,0x00000000a2050880,0x00000000a5000000)
 Metaspace       used 57758K, capacity 59784K, committed 59904K, reserved 1101824K
  class space    used 7970K, capacity 8422K, committed 8448K, reserved 1048576K
GC Heap History (10 events):
Event: 13.267 GC heap before
{Heap before GC invocations=14 (full 2):
 PSYoungGen      total 87040K, used 75776K [0x00000000e0000000, 0x00000000e8000000, 0x0000000100000000)
  eden space 75776K, 100% used [0x00000000e0000000,0x00000000e4a00000,0x00000000e4a00000)
  from space 11264K, 0% used [0x00000000e4a00000,0x00000000e4a00000,0x00000000e5500000)
  to   space 11776K, 0% used [0x00000000e7480000,0x00000000e7480000,0x00000000e8000000)
 ParOldGen       total 81920K, used 17609K [0x00000000a0000000, 0x00000000a5000000, 0x00000000e0000000)
  object space 81920K, 21% used [0x00000000a0000000,0x00000000a1132750,0x00000000a5000000)
 Metaspace       used 41874K, capacity 42994K, committed 43136K, reserved 1087488K
  class space    used 5669K, capacity 5976K, committed 6016K, reserved 1048576K
Event: 13.278 GC heap after
Heap after GC invocations=14 (full 2):
 PSYoungGen      total 110592K, used 11167K [0x00000000e0000000, 0x00000000e7f80000, 0x0000000100000000)
  eden space 99328K, 0% used [0x00000000e0000000,0x00000000e0000000,0x00000000e6100000)
  from space 11264K, 99% used [0x00000000e7480000,0x00000000e7f67eb0,0x00000000e7f80000)
  to   space 12800K, 0% used [0x00000000e6680000,0x00000000e6680000,0x00000000e7300000)
 ParOldGen       total 81920K, used 17617K [0x00000000a0000000, 0x00000000a5000000, 0x00000000e0000000)
  object space 81920K, 21% used [0x00000000a0000000,0x00000000a1134750,0x00000000a5000000)
 Metaspace       used 41874K, capacity 42994K, committed 43136K, reserved 1087488K
  class space    used 5669K, capacity 5976K, committed 6016K, reserved 1048576K
}
Event: 17.172 GC heap before
{Heap before GC invocations=15 (full 2):
 PSYoungGen      total 110592K, used 110495K [0x00000000e0000000, 0x00000000e7f80000, 0x0000000100000000)
  eden space 99328K, 100% used [0x00000000e0000000,0x00000000e6100000,0x00000000e6100000)
  from space 11264K, 99% used [0x00000000e7480000,0x00000000e7f67eb0,0x00000000e7f80000)
  to   space 12800K, 0% used [0x00000000e6680000,0x00000000e6680000,0x00000000e7300000)
 ParOldGen       total 81920K, used 17617K [0x00000000a0000000, 0x00000000a5000000, 0x00000000e0000000)
  object space 81920K, 21% used [0x00000000a0000000,0x00000000a1134750,0x00000000a5000000)
 Metaspace       used 50420K, capacity 51818K, committed 51968K, reserved 1093632K
  class space    used 6796K, capacity 7123K, committed 7168K, reserved 1048576K
Event: 17.248 GC heap after
Heap after GC invocations=15 (full 2):
 PSYoungGen      total 112128K, used 9995K [0x00000000e0000000, 0x00000000e7f80000, 0x0000000100000000)
  eden space 99328K, 0% used [0x00000000e0000000,0x00000000e0000000,0x00000000e6100000)
  from space 12800K, 78% used [0x00000000e6680000,0x00000000e7042d48,0x00000000e7300000)
  to   space 11264K, 0% used [0x00000000e7480000,0x00000000e7480000,0x00000000e7f80000)
 ParOldGen       total 81920K, used 22934K [0x00000000a0000000, 0x00000000a5000000, 0x00000000e0000000)
  object space 81920K, 27% used [0x00000000a0000000,0x00000000a16658c8,0x00000000a5000000)
 Metaspace       used 50420K, capacity 51818K, committed 51968K, reserved 1093632K
  class space    used 6796K, capacity 7123K, committed 7168K, reserved 1048576K
}
Event: 23.217 GC heap before
{Heap before GC invocations=16 (full 2):
 PSYoungGen      total 112128K, used 109323K [0x00000000e0000000, 0x00000000e7f80000, 0x0000000100000000)
  eden space 99328K, 100% used [0x00000000e0000000,0x00000000e6100000,0x00000000e6100000)
  from space 12800K, 78% used [0x00000000e6680000,0x00000000e7042d48,0x00000000e7300000)
  to   space 11264K, 0% used [0x00000000e7480000,0x00000000e7480000,0x00000000e7f80000)
 ParOldGen       total 81920K, used 22934K [0x00000000a0000000, 0x00000000a5000000, 0x00000000e0000000)
  object space 81920K, 27% used [0x00000000a0000000,0x00000000a16658c8,0x00000000a5000000)
 Metaspace       used 56675K, capacity 58510K, committed 58752K, reserved 1099776K
  class space    used 7775K, capacity 8197K, committed 8320K, reserved 1048576K
Event: 23.252 GC heap after
Heap after GC invocations=16 (full 2):
 PSYoungGen      total 114176K, used 11233K [0x00000000e0000000, 0x00000000e9a80000, 0x0000000100000000)
  eden space 102912K, 0% used [0x00000000e0000000,0x00000000e0000000,0x00000000e6480000)
  from space 11264K, 99% used [0x00000000e7480000,0x00000000e7f78520,0x00000000e7f80000)
  to   space 16384K, 0% used [0x00000000e6480000,0x00000000e6480000,0x00000000e7480000)
 ParOldGen       total 81920K, used 27840K [0x00000000a0000000, 0x00000000a5000000, 0x00000000e0000000)
  object space 81920K, 33% used [0x00000000a0000000,0x00000000a1b303f0,0x00000000a5000000)
 Metaspace       used 56675K, capacity 58510K, committed 58752K, reserved 1099776K
  class space    used 7775K, capacity 8197K, committed 8320K, reserved 1048576K
}
Event: 23.665 GC heap before
{Heap before GC invocations=17 (full 2):
 PSYoungGen      total 114176K, used 21272K [0x00000000e0000000, 0x00000000e9a80000, 0x0000000100000000)
  eden space 102912K, 9% used [0x00000000e0000000,0x00000000e09cdd20,0x00000000e6480000)
  from space 11264K, 99% used [0x00000000e7480000,0x00000000e7f78520,0x00000000e7f80000)
  to   space 16384K, 0% used [0x00000000e6480000,0x00000000e6480000,0x00000000e7480000)
 ParOldGen       total 81920K, used 27840K [0x00000000a0000000, 0x00000000a5000000, 0x00000000e0000000)
  object space 81920K, 33% used [0x00000000a0000000,0x00000000a1b303f0,0x00000000a5000000)
 Metaspace       used 57233K, capacity 59126K, committed 59160K, reserved 1099776K
  class space    used 7875K, capacity 8307K, committed 8320K, reserved 1048576K
Event: 23.687 GC heap after
Heap after GC invocations=17 (full 2):
 PSYoungGen      total 119296K, used 824K [0x00000000e0000000, 0x00000000eaa80000, 0x0000000100000000)
  eden space 102912K, 0% used [0x00000000e0000000,0x00000000e0000000,0x00000000e6480000)
  from space 16384K, 5% used [0x00000000e6480000,0x00000000e654e188,0x00000000e7480000)
  to   space 16896K, 0% used [0x00000000e9a00000,0x00000000e9a00000,0x00000000eaa80000)
 ParOldGen       total 81920K, used 38527K [0x00000000a0000000, 0x00000000a5000000, 0x00000000e0000000)
  object space 81920K, 47% used [0x00000000a0000000,0x00000000a259fcc0,0x00000000a5000000)
 Metaspace       used 57233K, capacity 59126K, committed 59160K, reserved 1099776K
  class space    used 7875K, capacity 8307K, committed 8320K, reserved 1048576K
}
Event: 23.687 GC heap before
{Heap before GC invocations=18 (full 3):
 PSYoungGen      total 119296K, used 824K [0x00000000e0000000, 0x00000000eaa80000, 0x0000000100000000)
  eden space 102912K, 0% used [0x00000000e0000000,0x00000000e0000000,0x00000000e6480000)
  from space 16384K, 5% used [0x00000000e6480000,0x00000000e654e188,0x00000000e7480000)
  to   space 16896K, 0% used [0x00000000e9a00000,0x00000000e9a00000,0x00000000eaa80000)
 ParOldGen       total 81920K, used 38527K [0x00000000a0000000, 0x00000000a5000000, 0x00000000e0000000)
  object space 81920K, 47% used [0x00000000a0000000,0x00000000a259fcc0,0x00000000a5000000)
 Metaspace       used 57233K, capacity 59126K, committed 59160K, reserved 1099776K
  class space    used 7875K, capacity 8307K, committed 8320K, reserved 1048576K
Event: 24.102 GC heap after
Heap after GC invocations=18 (full 3):
 PSYoungGen      total 119296K, used 0K [0x00000000e0000000, 0x00000000eaa80000, 0x0000000100000000)
  eden space 102912K, 0% used [0x00000000e0000000,0x00000000e0000000,0x00000000e6480000)
  from space 16384K, 0% used [0x00000000e6480000,0x00000000e6480000,0x00000000e7480000)
  to   space 16896K, 0% used [0x00000000e9a00000,0x00000000e9a00000,0x00000000eaa80000)
 ParOldGen       total 81920K, used 33090K [0x00000000a0000000, 0x00000000a5000000, 0x00000000e0000000)
  object space 81920K, 40% used [0x00000000a0000000,0x00000000a2050880,0x00000000a5000000)
 Metaspace       used 57233K, capacity 59126K, committed 59160K, reserved 1099776K
  class space    used 7875K, capacity 8307K, committed 8320K, reserved 1048576K
}

